<?xml version="1.0" encoding="UTF-8" ?>
<testsuite tests="8" failures="1" name="AdvSqrtTest" time="0.01" errors="0" skipped="0">
  <properties>
[...]
</properties>
  <testcase classname="AdvSqrtTest" name="on0_Return0" time="0.004"/>
  <testcase classname="AdvSqrtTest" name="on10_ReturnSqrt" time="0.005">
    <failure message="10 sqrt test expected [3.1622776601683795] but found [3.162277660168379]" type="java.lang.AssertionError">java.lang.AssertionError: 10 sqrt test expected [3.1622776601683795] but found [3.162277660168379]
	at org.testng.Assert.fail(Assert.java:99)
	at org.testng.Assert.failNotEquals(Assert.java:1037)
	at org.testng.Assert.assertEquals(Assert.java:701)
	at AdvSqrtTest.on10_ReturnSqrt(AdvSqrtTest.java:22)
</failure>
  </testcase>
  <testcase classname="AdvSqrtTest" name="on1_Return1" time="0"/>
  <testcase classname="AdvSqrtTest" name="on3_ReturnSqrt" time="0"/>
  <testcase classname="AdvSqrtTest" name="onNan_ReturnNan" time="0"/>
  <testcase classname="AdvSqrtTest" name="onNegative0_ReturnNegative0" time="0"/>
  <testcase classname="AdvSqrtTest" name="onNegativeNumber_ReturnNan" time="0.001"/>
  <testcase classname="AdvSqrtTest" name="onPositiveInfinity_ReturnPositiveInfinity" time="0"/>
</testsuite>